app/build/intermediates/manifest_merge_blame_file/release/processReleaseMainManifest/manifest-merger-blame-release-report.txt
1<?xml version="1.0" encoding="utf-8"?>
2<manifest xmlns:android="http://schemas.android.com/apk/res/android"
3    package="com.seoul2033wiki"
4    android:versionCode="4"
5    android:versionName="1.0" >
6
7    <uses-sdk
8        android:minSdkVersion="29"
9        android:targetSdkVersion="35" />
10
11    <!-- 오버레이 표시 -->
12    <uses-permission android:name="android.permission.SYSTEM_ALERT_WINDOW" />
12-->src\main\AndroidManifest.xml:5:5-78
12-->src\main\AndroidManifest.xml:5:22-75
13    <!-- Foreground Service -->
14    <uses-permission android:name="android.permission.FOREGROUND_SERVICE" />
14-->src\main\AndroidManifest.xml:7:5-77
14-->src\main\AndroidManifest.xml:7:22-74
15    <!-- specialUse 타입 FGS (Android 14+) -->
16    <uses-permission android:name="android.permission.FOREGROUND_SERVICE_SPECIAL_USE" />
16-->src\main\AndroidManifest.xml:9:5-89
16-->src\main\AndroidManifest.xml:9:22-86
17
18    <permission
18-->[androidx.core:core:1.12.0] AndroidManifest.xml:22:5-24:47
19        android:name="com.seoul2033wiki.DYNAMIC_RECEIVER_NOT_EXPORTED_PERMISSION"
19-->[androidx.core:core:1.12.0] AndroidManifest.xml:23:9-81
20        android:protectionLevel="signature" />
20-->[androidx.core:core:1.12.0] AndroidManifest.xml:24:9-44
21
22    <uses-permission android:name="com.seoul2033wiki.DYNAMIC_RECEIVER_NOT_EXPORTED_PERMISSION" />
22-->[androidx.core:core:1.12.0] AndroidManifest.xml:26:5-97
22-->[androidx.core:core:1.12.0] AndroidManifest.xml:26:22-94
23
24    <application
24-->src\main\AndroidManifest.xml:11:5-65:19
25        android:allowBackup="true"
25-->src\main\AndroidManifest.xml:12:9-35
26        android:appComponentFactory="androidx.core.app.CoreComponentFactory"
26-->[androidx.core:core:1.12.0] AndroidManifest.xml:28:18-86
27        android:extractNativeLibs="true"
28        android:icon="@mipmap/ic_launcher"
28-->src\main\AndroidManifest.xml:13:9-43
29        android:label="@string/app_name"
29-->src\main\AndroidManifest.xml:14:9-41
30        android:roundIcon="@mipmap/ic_launcher_round"
30-->src\main\AndroidManifest.xml:15:9-54
31        android:supportsRtl="true"
31-->src\main\AndroidManifest.xml:16:9-35
32        android:theme="@style/Theme.Seoul2033Wiki" >
32-->src\main\AndroidManifest.xml:17:9-51
33
34        <!-- 메인 진입 Activity -->
35        <activity
35-->src\main\AndroidManifest.xml:20:9-27:20
36            android:name="com.seoul2033wiki.MainActivity"
36-->src\main\AndroidManifest.xml:21:13-41
37            android:exported="true" >
37-->src\main\AndroidManifest.xml:22:13-36
38            <intent-filter>
38-->src\main\AndroidManifest.xml:23:13-26:29
39                <action android:name="android.intent.action.MAIN" />
39-->src\main\AndroidManifest.xml:24:17-69
39-->src\main\AndroidManifest.xml:24:25-66
40
41                <category android:name="android.intent.category.LAUNCHER" />
41-->src\main\AndroidManifest.xml:25:17-77
41-->src\main\AndroidManifest.xml:25:27-74
42            </intent-filter>
43        </activity>
44
45        <!-- 결과 팝업 Activity -->
46        <activity
46-->src\main\AndroidManifest.xml:30:9-33:65
47            android:name="com.seoul2033wiki.ResultPopupActivity"
47-->src\main\AndroidManifest.xml:31:13-48
48            android:exported="false"
48-->src\main\AndroidManifest.xml:32:13-37
49            android:theme="@style/Theme.Seoul2033Wiki.Dialog" />
49-->src\main\AndroidManifest.xml:33:13-62
50
51        <!-- 이야기/레벨/시즌패스/확장팩 항목 관리 Activity -->
52        <activity
52-->src\main\AndroidManifest.xml:36:9-39:37
53            android:name="com.seoul2033wiki.CustomItemActivity"
53-->src\main\AndroidManifest.xml:37:13-47
54            android:exported="false"
54-->src\main\AndroidManifest.xml:38:13-37
55            android:label="항목 관리" />
55-->src\main\AndroidManifest.xml:39:13-34
56
57        <!-- 오버레이 서비스 -->
58        <service
58-->src\main\AndroidManifest.xml:42:9-49:19
59            android:name="com.seoul2033wiki.OverlayService"
59-->src\main\AndroidManifest.xml:43:13-43
60            android:exported="false"
60-->src\main\AndroidManifest.xml:44:13-37
61            android:foregroundServiceType="specialUse" >
61-->src\main\AndroidManifest.xml:45:13-55
62            <property
62-->src\main\AndroidManifest.xml:46:13-48:43
63                android:name="android.app.PROPERTY_SPECIAL_USE_FGS_SUBTYPE"
63-->src\main\AndroidManifest.xml:47:17-76
64                android:value="overlay" />
64-->src\main\AndroidManifest.xml:48:17-40
65        </service>
66
67        <!-- Accessibility 서비스 -->
68        <service
68-->src\main\AndroidManifest.xml:52:9-63:19
69            android:name="com.seoul2033wiki.Seoul2033AccessibilityService"
69-->src\main\AndroidManifest.xml:53:13-58
70            android:exported="true"
70-->src\main\AndroidManifest.xml:54:13-36
71            android:label="@string/accessibility_service_label"
71-->src\main\AndroidManifest.xml:55:13-64
72            android:permission="android.permission.BIND_ACCESSIBILITY_SERVICE" >
72-->src\main\AndroidManifest.xml:56:13-79
73            <intent-filter>
73-->src\main\AndroidManifest.xml:57:13-59:29
74                <action android:name="android.accessibilityservice.AccessibilityService" />
74-->src\main\AndroidManifest.xml:58:17-92
74-->src\main\AndroidManifest.xml:58:25-89
75            </intent-filter>
76
77            <meta-data
77-->src\main\AndroidManifest.xml:60:13-62:72
78                android:name="android.accessibilityservice"
78-->src\main\AndroidManifest.xml:61:17-60
79                android:resource="@xml/accessibility_service_config" />
79-->src\main\AndroidManifest.xml:62:17-69
80        </service>
81
82        <provider
82-->[androidx.emoji2:emoji2:1.2.0] AndroidManifest.xml:24:9-32:20
83            android:name="androidx.startup.InitializationProvider"
83-->[androidx.emoji2:emoji2:1.2.0] AndroidManifest.xml:25:13-67
84            android:authorities="com.seoul2033wiki.androidx-startup"
84-->[androidx.emoji2:emoji2:1.2.0] AndroidManifest.xml:26:13-68
85            android:exported="false" >
85-->[androidx.emoji2:emoji2:1.2.0] AndroidManifest.xml:27:13-37
86            <meta-data
86-->[androidx.emoji2:emoji2:1.2.0] AndroidManifest.xml:29:13-31:52
87                android:name="androidx.emoji2.text.EmojiCompatInitializer"
87-->[androidx.emoji2:emoji2:1.2.0] AndroidManifest.xml:30:17-75
88                android:value="androidx.startup" />
88-->[androidx.emoji2:emoji2:1.2.0] AndroidManifest.xml:31:17-49
89            <meta-data
89-->[androidx.lifecycle:lifecycle-process:2.6.1] AndroidManifest.xml:29:13-31:52
90                android:name="androidx.lifecycle.ProcessLifecycleInitializer"
90-->[androidx.lifecycle:lifecycle-process:2.6.1] AndroidManifest.xml:30:17-78
91                android:value="androidx.startup" />
91-->[androidx.lifecycle:lifecycle-process:2.6.1] AndroidManifest.xml:31:17-49
92            <meta-data
92-->[androidx.profileinstaller:profileinstaller:1.3.0] AndroidManifest.xml:29:13-31:52
93                android:name="androidx.profileinstaller.ProfileInstallerInitializer"
93-->[androidx.profileinstaller:profileinstaller:1.3.0] AndroidManifest.xml:30:17-85
94                android:value="androidx.startup" />
94-->[androidx.profileinstaller:profileinstaller:1.3.0] AndroidManifest.xml:31:17-49
95        </provider>
96
97        <receiver
97-->[androidx.profileinstaller:profileinstaller:1.3.0] AndroidManifest.xml:34:9-52:20
98            android:name="androidx.profileinstaller.ProfileInstallReceiver"
98-->[androidx.profileinstaller:profileinstaller:1.3.0] AndroidManifest.xml:35:13-76
99            android:directBootAware="false"
99-->[androidx.profileinstaller:profileinstaller:1.3.0] AndroidManifest.xml:36:13-44
100            android:enabled="true"
100-->[androidx.profileinstaller:profileinstaller:1.3.0] AndroidManifest.xml:37:13-35
101            android:exported="true"
101-->[androidx.profileinstaller:profileinstaller:1.3.0] AndroidManifest.xml:38:13-36
102            android:permission="android.permission.DUMP" >
102-->[androidx.profileinstaller:profileinstaller:1.3.0] AndroidManifest.xml:39:13-57
103            <intent-filter>
103-->[androidx.profileinstaller:profileinstaller:1.3.0] AndroidManifest.xml:40:13-42:29
104                <action android:name="androidx.profileinstaller.action.INSTALL_PROFILE" />
104-->[androidx.profileinstaller:profileinstaller:1.3.0] AndroidManifest.xml:41:17-91
104-->[androidx.profileinstaller:profileinstaller:1.3.0] AndroidManifest.xml:41:25-88
105            </intent-filter>
106            <intent-filter>
106-->[androidx.profileinstaller:profileinstaller:1.3.0] AndroidManifest.xml:43:13-45:29
107                <action android:name="androidx.profileinstaller.action.SKIP_FILE" />
107-->[androidx.profileinstaller:profileinstaller:1.3.0] AndroidManifest.xml:44:17-85
107-->[androidx.profileinstaller:profileinstaller:1.3.0] AndroidManifest.xml:44:25-82
108            </intent-filter>
109            <intent-filter>
109-->[androidx.profileinstaller:profileinstaller:1.3.0] AndroidManifest.xml:46:13-48:29
110                <action android:name="androidx.profileinstaller.action.SAVE_PROFILE" />
110-->[androidx.profileinstaller:profileinstaller:1.3.0] AndroidManifest.xml:47:17-88
110-->[androidx.profileinstaller:profileinstaller:1.3.0] AndroidManifest.xml:47:25-85
111            </intent-filter>
112            <intent-filter>
112-->[androidx.profileinstaller:profileinstaller:1.3.0] AndroidManifest.xml:49:13-51:29
113                <action android:name="androidx.profileinstaller.action.BENCHMARK_OPERATION" />
113-->[androidx.profileinstaller:profileinstaller:1.3.0] AndroidManifest.xml:50:17-95
113-->[androidx.profileinstaller:profileinstaller:1.3.0] AndroidManifest.xml:50:25-92
114            </intent-filter>
115        </receiver>
116    </application>
117
118</manifest>